1718402520.886288 client started (223577): version 3.4, socket /tmp/tmux-1002/default, protocol 8
1718402520.886339 on Linux 6.8.0-1005-raspi #5-Ubuntu SMP PREEMPT_DYNAMIC Wed May 22 15:01:35 UTC 2024
1718402520.886343 using libevent 2.1.12-stable poll
1718402520.886345 using ncurses 6.4 20240113
1718402520.886366 flags are 0x18010000
1718402520.886387 socket is /tmp/tmux-1002/default
1718402520.886408 trying connect
1718402520.886436 connect failed: No such file or directory
1718402520.886452 lock file is /tmp/tmux-1002/default.lock
1718402520.886491 flock succeeded
1718402520.886494 got lock (6)
1718402520.886503 trying connect
1718402520.886511 connect failed: No such file or directory
1718402520.888518 add peer 0xaaaae3dfb380: 7 ((nil))
1718402520.889260 sending message 100 to peer 0xaaaae3dfb380 (4 bytes)
1718402520.889278 sending message 111 to peer 0xaaaae3dfb380 (8 bytes)
1718402520.889281 sending message 101 to peer 0xaaaae3dfb380 (15 bytes)
1718402520.889284 sending message 109 to peer 0xaaaae3dfb380 (4 bytes)
1718402520.889319 sending message 102 to peer 0xaaaae3dfb380 (11 bytes)
1718402520.889323 sending message 108 to peer 0xaaaae3dfb380 (36 bytes)
1718402520.889326 sending message 112 to peer 0xaaaae3dfb380 (58 bytes)
1718402520.889330 sending message 112 to peer 0xaaaae3dfb380 (5 bytes)
1718402520.889333 sending message 112 to peer 0xaaaae3dfb380 (5 bytes)
1718402520.889335 sending message 112 to peer 0xaaaae3dfb380 (6 bytes)
1718402520.889338 sending message 112 to peer 0xaaaae3dfb380 (6 bytes)
1718402520.889340 sending message 112 to peer 0xaaaae3dfb380 (11 bytes)
1718402520.889345 sending message 112 to peer 0xaaaae3dfb380 (10 bytes)
1718402520.889348 sending message 112 to peer 0xaaaae3dfb380 (13 bytes)
1718402520.889350 sending message 112 to peer 0xaaaae3dfb380 (14 bytes)
1718402520.889353 sending message 112 to peer 0xaaaae3dfb380 (19 bytes)
1718402520.889356 sending message 112 to peer 0xaaaae3dfb380 (11 bytes)
1718402520.889358 sending message 112 to peer 0xaaaae3dfb380 (10 bytes)
1718402520.889361 sending message 112 to peer 0xaaaae3dfb380 (15 bytes)
1718402520.889364 sending message 112 to peer 0xaaaae3dfb380 (21 bytes)
1718402520.889367 sending message 112 to peer 0xaaaae3dfb380 (13 bytes)
1718402520.889369 sending message 112 to peer 0xaaaae3dfb380 (7 bytes)
1718402520.889373 sending message 112 to peer 0xaaaae3dfb380 (13 bytes)
1718402520.889375 sending message 112 to peer 0xaaaae3dfb380 (7 bytes)
1718402520.889378 sending message 112 to peer 0xaaaae3dfb380 (13 bytes)
1718402520.889381 sending message 112 to peer 0xaaaae3dfb380 (9 bytes)
1718402520.889385 sending message 112 to peer 0xaaaae3dfb380 (21 bytes)
1718402520.889388 sending message 112 to peer 0xaaaae3dfb380 (13 bytes)
1718402520.889390 sending message 112 to peer 0xaaaae3dfb380 (9 bytes)
1718402520.889393 sending message 112 to peer 0xaaaae3dfb380 (16 bytes)
1718402520.889396 sending message 112 to peer 0xaaaae3dfb380 (13 bytes)
1718402520.889399 sending message 112 to peer 0xaaaae3dfb380 (9 bytes)
1718402520.889401 sending message 112 to peer 0xaaaae3dfb380 (9 bytes)
1718402520.889405 sending message 112 to peer 0xaaaae3dfb380 (12 bytes)
1718402520.889408 sending message 112 to peer 0xaaaae3dfb380 (8 bytes)
1718402520.889411 sending message 112 to peer 0xaaaae3dfb380 (8 bytes)
1718402520.889414 sending message 112 to peer 0xaaaae3dfb380 (13 bytes)
1718402520.889417 sending message 112 to peer 0xaaaae3dfb380 (7 bytes)
1718402520.889420 sending message 112 to peer 0xaaaae3dfb380 (7 bytes)
1718402520.889423 sending message 112 to peer 0xaaaae3dfb380 (9 bytes)
1718402520.889426 sending message 112 to peer 0xaaaae3dfb380 (9 bytes)
1718402520.889429 sending message 112 to peer 0xaaaae3dfb380 (15 bytes)
1718402520.889432 sending message 112 to peer 0xaaaae3dfb380 (13 bytes)
1718402520.889434 sending message 112 to peer 0xaaaae3dfb380 (12 bytes)
1718402520.889437 sending message 112 to peer 0xaaaae3dfb380 (8 bytes)
1718402520.889440 sending message 112 to peer 0xaaaae3dfb380 (14 bytes)
1718402520.889443 sending message 112 to peer 0xaaaae3dfb380 (11 bytes)
1718402520.889475 sending message 112 to peer 0xaaaae3dfb380 (9 bytes)
1718402520.889479 sending message 112 to peer 0xaaaae3dfb380 (10 bytes)
1718402520.889482 sending message 112 to peer 0xaaaae3dfb380 (10 bytes)
1718402520.889484 sending message 112 to peer 0xaaaae3dfb380 (10 bytes)
1718402520.889487 sending message 112 to peer 0xaaaae3dfb380 (10 bytes)
1718402520.889489 sending message 112 to peer 0xaaaae3dfb380 (11 bytes)
1718402520.889492 sending message 112 to peer 0xaaaae3dfb380 (12 bytes)
1718402520.889495 sending message 112 to peer 0xaaaae3dfb380 (12 bytes)
1718402520.889498 sending message 112 to peer 0xaaaae3dfb380 (12 bytes)
1718402520.889501 sending message 112 to peer 0xaaaae3dfb380 (12 bytes)
1718402520.889503 sending message 112 to peer 0xaaaae3dfb380 (12 bytes)
1718402520.889506 sending message 112 to peer 0xaaaae3dfb380 (11 bytes)
1718402520.889509 sending message 112 to peer 0xaaaae3dfb380 (11 bytes)
1718402520.889512 sending message 112 to peer 0xaaaae3dfb380 (12 bytes)
1718402520.889515 sending message 112 to peer 0xaaaae3dfb380 (12 bytes)
1718402520.889518 sending message 112 to peer 0xaaaae3dfb380 (12 bytes)
1718402520.889521 sending message 112 to peer 0xaaaae3dfb380 (12 bytes)
1718402520.889523 sending message 112 to peer 0xaaaae3dfb380 (12 bytes)
1718402520.889526 sending message 112 to peer 0xaaaae3dfb380 (9 bytes)
1718402520.889529 sending message 112 to peer 0xaaaae3dfb380 (12 bytes)
1718402520.889531 sending message 112 to peer 0xaaaae3dfb380 (13 bytes)
1718402520.889534 sending message 112 to peer 0xaaaae3dfb380 (13 bytes)
1718402520.889537 sending message 112 to peer 0xaaaae3dfb380 (13 bytes)
1718402520.889540 sending message 112 to peer 0xaaaae3dfb380 (13 bytes)
1718402520.889542 sending message 112 to peer 0xaaaae3dfb380 (13 bytes)
1718402520.889545 sending message 112 to peer 0xaaaae3dfb380 (8 bytes)
1718402520.889548 sending message 112 to peer 0xaaaae3dfb380 (11 bytes)
1718402520.889550 sending message 112 to peer 0xaaaae3dfb380 (11 bytes)
1718402520.889553 sending message 112 to peer 0xaaaae3dfb380 (11 bytes)
1718402520.889556 sending message 112 to peer 0xaaaae3dfb380 (12 bytes)
1718402520.889559 sending message 112 to peer 0xaaaae3dfb380 (12 bytes)
1718402520.889561 sending message 112 to peer 0xaaaae3dfb380 (12 bytes)
1718402520.889564 sending message 112 to peer 0xaaaae3dfb380 (12 bytes)
1718402520.889567 sending message 112 to peer 0xaaaae3dfb380 (13 bytes)
1718402520.889569 sending message 112 to peer 0xaaaae3dfb380 (13 bytes)
1718402520.889572 sending message 112 to peer 0xaaaae3dfb380 (13 bytes)
1718402520.889575 sending message 112 to peer 0xaaaae3dfb380 (8 bytes)
1718402520.889578 sending message 112 to peer 0xaaaae3dfb380 (13 bytes)
1718402520.889581 sending message 112 to peer 0xaaaae3dfb380 (13 bytes)
1718402520.889584 sending message 112 to peer 0xaaaae3dfb380 (13 bytes)
1718402520.889587 sending message 112 to peer 0xaaaae3dfb380 (13 bytes)
1718402520.889589 sending message 112 to peer 0xaaaae3dfb380 (13 bytes)
1718402520.889592 sending message 112 to peer 0xaaaae3dfb380 (12 bytes)
1718402520.889595 sending message 112 to peer 0xaaaae3dfb380 (12 bytes)
1718402520.889598 sending message 112 to peer 0xaaaae3dfb380 (12 bytes)
1718402520.889600 sending message 112 to peer 0xaaaae3dfb380 (12 bytes)
1718402520.889603 sending message 112 to peer 0xaaaae3dfb380 (13 bytes)
1718402520.889607 sending message 112 to peer 0xaaaae3dfb380 (8 bytes)
1718402520.889610 sending message 112 to peer 0xaaaae3dfb380 (13 bytes)
1718402520.889613 sending message 112 to peer 0xaaaae3dfb380 (13 bytes)
1718402520.889616 sending message 112 to peer 0xaaaae3dfb380 (13 bytes)
1718402520.889619 sending message 112 to peer 0xaaaae3dfb380 (13 bytes)
1718402520.889621 sending message 112 to peer 0xaaaae3dfb380 (13 bytes)
1718402520.889624 sending message 112 to peer 0xaaaae3dfb380 (13 bytes)
1718402520.889626 sending message 112 to peer 0xaaaae3dfb380 (13 bytes)
1718402520.889629 sending message 112 to peer 0xaaaae3dfb380 (12 bytes)
1718402520.889632 sending message 112 to peer 0xaaaae3dfb380 (12 bytes)
1718402520.889644 sending message 112 to peer 0xaaaae3dfb380 (12 bytes)
1718402520.889647 sending message 112 to peer 0xaaaae3dfb380 (8 bytes)
1718402520.889649 sending message 112 to peer 0xaaaae3dfb380 (12 bytes)
1718402520.889652 sending message 112 to peer 0xaaaae3dfb380 (13 bytes)
1718402520.889655 sending message 112 to peer 0xaaaae3dfb380 (13 bytes)
1718402520.889657 sending message 112 to peer 0xaaaae3dfb380 (13 bytes)
1718402520.889660 sending message 112 to peer 0xaaaae3dfb380 (13 bytes)
1718402520.889663 sending message 112 to peer 0xaaaae3dfb380 (13 bytes)
1718402520.889666 sending message 112 to peer 0xaaaae3dfb380 (13 bytes)
1718402520.889668 sending message 112 to peer 0xaaaae3dfb380 (13 bytes)
1718402520.889671 sending message 112 to peer 0xaaaae3dfb380 (13 bytes)
1718402520.889673 sending message 112 to peer 0xaaaae3dfb380 (12 bytes)
1718402520.889676 sending message 112 to peer 0xaaaae3dfb380 (10 bytes)
1718402520.889679 sending message 112 to peer 0xaaaae3dfb380 (12 bytes)
1718402520.889681 sending message 112 to peer 0xaaaae3dfb380 (12 bytes)
1718402520.889684 sending message 112 to peer 0xaaaae3dfb380 (12 bytes)
1718402520.889687 sending message 112 to peer 0xaaaae3dfb380 (13 bytes)
1718402520.889689 sending message 112 to peer 0xaaaae3dfb380 (13 bytes)
1718402520.889692 sending message 112 to peer 0xaaaae3dfb380 (13 bytes)
1718402520.889695 sending message 112 to peer 0xaaaae3dfb380 (13 bytes)
1718402520.889697 sending message 112 to peer 0xaaaae3dfb380 (13 bytes)
1718402520.889700 sending message 112 to peer 0xaaaae3dfb380 (13 bytes)
1718402520.889703 sending message 112 to peer 0xaaaae3dfb380 (13 bytes)
1718402520.889706 sending message 112 to peer 0xaaaae3dfb380 (10 bytes)
1718402520.889709 sending message 112 to peer 0xaaaae3dfb380 (13 bytes)
1718402520.889712 sending message 112 to peer 0xaaaae3dfb380 (12 bytes)
1718402520.889715 sending message 112 to peer 0xaaaae3dfb380 (12 bytes)
1718402520.889733 sending message 112 to peer 0xaaaae3dfb380 (12 bytes)
1718402520.889739 sending message 112 to peer 0xaaaae3dfb380 (10 bytes)
1718402520.889742 sending message 112 to peer 0xaaaae3dfb380 (10 bytes)
1718402520.889745 sending message 112 to peer 0xaaaae3dfb380 (10 bytes)
1718402520.889748 sending message 112 to peer 0xaaaae3dfb380 (12 bytes)
1718402520.889750 sending message 112 to peer 0xaaaae3dfb380 (13 bytes)
1718402520.889753 sending message 112 to peer 0xaaaae3dfb380 (13 bytes)
1718402520.889756 sending message 112 to peer 0xaaaae3dfb380 (13 bytes)
1718402520.889758 sending message 112 to peer 0xaaaae3dfb380 (13 bytes)
1718402520.889761 sending message 112 to peer 0xaaaae3dfb380 (13 bytes)
1718402520.889764 sending message 112 to peer 0xaaaae3dfb380 (10 bytes)
1718402520.889767 sending message 112 to peer 0xaaaae3dfb380 (11 bytes)
1718402520.889769 sending message 112 to peer 0xaaaae3dfb380 (12 bytes)
1718402520.889772 sending message 112 to peer 0xaaaae3dfb380 (12 bytes)
1718402520.889774 sending message 112 to peer 0xaaaae3dfb380 (12 bytes)
1718402520.889777 sending message 112 to peer 0xaaaae3dfb380 (12 bytes)
1718402520.889780 sending message 112 to peer 0xaaaae3dfb380 (12 bytes)
1718402520.889783 sending message 112 to peer 0xaaaae3dfb380 (11 bytes)
1718402520.889785 sending message 112 to peer 0xaaaae3dfb380 (12 bytes)
1718402520.889788 sending message 112 to peer 0xaaaae3dfb380 (12 bytes)
1718402520.889790 sending message 112 to peer 0xaaaae3dfb380 (13 bytes)
1718402520.889793 sending message 112 to peer 0xaaaae3dfb380 (13 bytes)
1718402520.889795 sending message 112 to peer 0xaaaae3dfb380 (13 bytes)
1718402520.889798 sending message 112 to peer 0xaaaae3dfb380 (13 bytes)
1718402520.889801 sending message 112 to peer 0xaaaae3dfb380 (13 bytes)
1718402520.889804 sending message 112 to peer 0xaaaae3dfb380 (10 bytes)
1718402520.889806 sending message 112 to peer 0xaaaae3dfb380 (9 bytes)
1718402520.889809 sending message 112 to peer 0xaaaae3dfb380 (12 bytes)
1718402520.889811 sending message 112 to peer 0xaaaae3dfb380 (13 bytes)
1718402520.889814 sending message 112 to peer 0xaaaae3dfb380 (13 bytes)
1718402520.889825 sending message 112 to peer 0xaaaae3dfb380 (13 bytes)
1718402520.889828 sending message 112 to peer 0xaaaae3dfb380 (13 bytes)
1718402520.889830 sending message 112 to peer 0xaaaae3dfb380 (13 bytes)
1718402520.889833 sending message 112 to peer 0xaaaae3dfb380 (9 bytes)
1718402520.889836 sending message 112 to peer 0xaaaae3dfb380 (12 bytes)
1718402520.889838 sending message 112 to peer 0xaaaae3dfb380 (13 bytes)
1718402520.889841 sending message 112 to peer 0xaaaae3dfb380 (13 bytes)
1718402520.889844 sending message 112 to peer 0xaaaae3dfb380 (13 bytes)
1718402520.889846 sending message 112 to peer 0xaaaae3dfb380 (13 bytes)
1718402520.889849 sending message 112 to peer 0xaaaae3dfb380 (13 bytes)
1718402520.889852 sending message 112 to peer 0xaaaae3dfb380 (11 bytes)
1718402520.889854 sending message 112 to peer 0xaaaae3dfb380 (12 bytes)
1718402520.889857 sending message 112 to peer 0xaaaae3dfb380 (13 bytes)
1718402520.889860 sending message 112 to peer 0xaaaae3dfb380 (13 bytes)
1718402520.889862 sending message 112 to peer 0xaaaae3dfb380 (13 bytes)
1718402520.889865 sending message 112 to peer 0xaaaae3dfb380 (13 bytes)
1718402520.889868 sending message 112 to peer 0xaaaae3dfb380 (13 bytes)
1718402520.889870 sending message 112 to peer 0xaaaae3dfb380 (11 bytes)
1718402520.889873 sending message 112 to peer 0xaaaae3dfb380 (12 bytes)
1718402520.889876 sending message 112 to peer 0xaaaae3dfb380 (12 bytes)
1718402520.889878 sending message 112 to peer 0xaaaae3dfb380 (12 bytes)
1718402520.889881 sending message 112 to peer 0xaaaae3dfb380 (12 bytes)
1718402520.889884 sending message 112 to peer 0xaaaae3dfb380 (12 bytes)
1718402520.889887 sending message 112 to peer 0xaaaae3dfb380 (21 bytes)
1718402520.889889 sending message 112 to peer 0xaaaae3dfb380 (12 bytes)
1718402520.889892 sending message 112 to peer 0xaaaae3dfb380 (9 bytes)
1718402520.889895 sending message 112 to peer 0xaaaae3dfb380 (6 bytes)
1718402520.889897 sending message 112 to peer 0xaaaae3dfb380 (13 bytes)
1718402520.889900 sending message 112 to peer 0xaaaae3dfb380 (10 bytes)
1718402520.889903 sending message 112 to peer 0xaaaae3dfb380 (24 bytes)
1718402520.889905 sending message 112 to peer 0xaaaae3dfb380 (13 bytes)
1718402520.889908 sending message 112 to peer 0xaaaae3dfb380 (9 bytes)
1718402520.889911 sending message 112 to peer 0xaaaae3dfb380 (70 bytes)
1718402520.889914 sending message 112 to peer 0xaaaae3dfb380 (69 bytes)
1718402520.889916 sending message 112 to peer 0xaaaae3dfb380 (12 bytes)
1718402520.889919 sending message 112 to peer 0xaaaae3dfb380 (10 bytes)
1718402520.889922 sending message 112 to peer 0xaaaae3dfb380 (10 bytes)
1718402520.889924 sending message 112 to peer 0xaaaae3dfb380 (24 bytes)
1718402520.889928 sending message 112 to peer 0xaaaae3dfb380 (13 bytes)
1718402520.889930 sending message 112 to peer 0xaaaae3dfb380 (10 bytes)
1718402520.889933 sending message 112 to peer 0xaaaae3dfb380 (10 bytes)
1718402520.889936 sending message 112 to peer 0xaaaae3dfb380 (10 bytes)
1718402520.889939 sending message 112 to peer 0xaaaae3dfb380 (13 bytes)
1718402520.889941 sending message 112 to peer 0xaaaae3dfb380 (15 bytes)
1718402520.889944 sending message 112 to peer 0xaaaae3dfb380 (5 bytes)
1718402520.889948 sending message 104 to peer 0xaaaae3dfb380 (0 bytes)
1718402520.889952 sending message 110 to peer 0xaaaae3dfb380 (0 bytes)
1718402520.889955 sending message 107 to peer 0xaaaae3dfb380 (4 bytes)
1718402520.889958 sending message 105 to peer 0xaaaae3dfb380 (16 bytes)
1718402520.889961 sending message 105 to peer 0xaaaae3dfb380 (96 bytes)
1718402520.889964 sending message 105 to peer 0xaaaae3dfb380 (19 bytes)
1718402520.889967 sending message 105 to peer 0xaaaae3dfb380 (20 bytes)
1718402520.889969 sending message 105 to peer 0xaaaae3dfb380 (45 bytes)
1718402520.889972 sending message 105 to peer 0xaaaae3dfb380 (23 bytes)
1718402520.889975 sending message 105 to peer 0xaaaae3dfb380 (44 bytes)
1718402520.889978 sending message 105 to peer 0xaaaae3dfb380 (18 bytes)
1718402520.889981 sending message 105 to peer 0xaaaae3dfb380 (23 bytes)
1718402520.890004 sending message 105 to peer 0xaaaae3dfb380 (32 bytes)
1718402520.890007 sending message 105 to peer 0xaaaae3dfb380 (20 bytes)
1718402520.890010 sending message 105 to peer 0xaaaae3dfb380 (41 bytes)
1718402520.890012 sending message 105 to peer 0xaaaae3dfb380 (51 bytes)
1718402520.890015 sending message 105 to peer 0xaaaae3dfb380 (20 bytes)
1718402520.890018 sending message 105 to peer 0xaaaae3dfb380 (23 bytes)
1718402520.890020 sending message 105 to peer 0xaaaae3dfb380 (24 bytes)
1718402520.890024 sending message 105 to peer 0xaaaae3dfb380 (28 bytes)
1718402520.890026 sending message 105 to peer 0xaaaae3dfb380 (40 bytes)
1718402520.890029 sending message 105 to peer 0xaaaae3dfb380 (15 bytes)
1718402520.890032 sending message 105 to peer 0xaaaae3dfb380 (27 bytes)
1718402520.890035 sending message 105 to peer 0xaaaae3dfb380 (25 bytes)
1718402520.890037 sending message 105 to peer 0xaaaae3dfb380 (23 bytes)
1718402520.890040 sending message 105 to peer 0xaaaae3dfb380 (54 bytes)
1718402520.890043 sending message 105 to peer 0xaaaae3dfb380 (18 bytes)
1718402520.890046 sending message 105 to peer 0xaaaae3dfb380 (16 bytes)
1718402520.890048 sending message 105 to peer 0xaaaae3dfb380 (18 bytes)
1718402520.890051 sending message 105 to peer 0xaaaae3dfb380 (21 bytes)
1718402520.890054 sending message 105 to peer 0xaaaae3dfb380 (17 bytes)
1718402520.890058 sending message 105 to peer 0xaaaae3dfb380 (1817 bytes)
1718402520.890077 sending message 105 to peer 0xaaaae3dfb380 (33 bytes)
1718402520.890081 sending message 105 to peer 0xaaaae3dfb380 (144 bytes)
1718402520.890084 sending message 105 to peer 0xaaaae3dfb380 (17 bytes)
1718402520.890087 sending message 105 to peer 0xaaaae3dfb380 (26 bytes)
1718402520.890089 sending message 105 to peer 0xaaaae3dfb380 (86 bytes)
1718402520.890092 sending message 105 to peer 0xaaaae3dfb380 (23 bytes)
1718402520.890094 sending message 105 to peer 0xaaaae3dfb380 (34 bytes)
1718402520.890097 sending message 105 to peer 0xaaaae3dfb380 (23 bytes)
1718402520.890100 sending message 105 to peer 0xaaaae3dfb380 (20 bytes)
1718402520.890103 sending message 105 to peer 0xaaaae3dfb380 (30 bytes)
1718402520.890105 sending message 105 to peer 0xaaaae3dfb380 (32 bytes)
1718402520.890108 sending message 105 to peer 0xaaaae3dfb380 (12 bytes)
1718402520.890110 sending message 105 to peer 0xaaaae3dfb380 (29 bytes)
1718402520.890113 sending message 105 to peer 0xaaaae3dfb380 (11 bytes)
1718402520.890116 sending message 105 to peer 0xaaaae3dfb380 (8 bytes)
1718402520.890118 sending message 105 to peer 0xaaaae3dfb380 (35 bytes)
1718402520.890121 sending message 105 to peer 0xaaaae3dfb380 (25 bytes)
1718402520.890125 sending message 105 to peer 0xaaaae3dfb380 (18 bytes)
1718402520.890127 sending message 105 to peer 0xaaaae3dfb380 (27 bytes)
1718402520.890130 sending message 105 to peer 0xaaaae3dfb380 (17 bytes)
1718402520.890132 sending message 105 to peer 0xaaaae3dfb380 (31 bytes)
1718402520.890135 sending message 105 to peer 0xaaaae3dfb380 (47 bytes)
1718402520.890138 sending message 105 to peer 0xaaaae3dfb380 (20 bytes)
1718402520.890141 sending message 105 to peer 0xaaaae3dfb380 (102 bytes)
1718402520.890144 sending message 105 to peer 0xaaaae3dfb380 (114 bytes)
1718402520.890146 sending message 105 to peer 0xaaaae3dfb380 (18 bytes)
1718402520.890149 sending message 105 to peer 0xaaaae3dfb380 (54 bytes)
1718402520.890152 sending message 105 to peer 0xaaaae3dfb380 (23 bytes)
1718402520.890155 sending message 105 to peer 0xaaaae3dfb380 (16 bytes)
1718402520.890157 sending message 105 to peer 0xaaaae3dfb380 (20 bytes)
1718402520.890161 sending message 106 to peer 0xaaaae3dfb380 (0 bytes)
1718402520.890243 sending message 200 to peer 0xaaaae3dfb380 (4 bytes)
1718402520.890249 client loop enter
1718402520.890279 client_signal: Child exited
1718402520.981641 peer 0xaaaae3dfb380 message 207
1718402520.981667 sending message 208 to peer 0xaaaae3dfb380 (0 bytes)
1718402574.623418 client_signal: Hangup
1718402574.623446 sending message 205 to peer 0xaaaae3dfb380 (0 bytes)
1718402574.623457 client_signal: Continued
1718402574.623489 sending message 216 to peer 0xaaaae3dfb380 (0 bytes)
1718402574.625165 client loop exit
